<?xml version="1.0" encoding="UTF-8"?>
<testsuite xmlns:xsi="http://www.w3.org/2001/XMLSchema-instance" xsi:noNamespaceSchemaLocation="https://maven.apache.org/surefire/maven-surefire-plugin/xsd/surefire-test-report-3.0.xsd" version="3.0" name="StudentAnalyzerTest" time="0.067" tests="19" errors="0" skipped="0" failures="0">
  <properties>
[...]
</properties>
  <testcase name="testCountExcellentStudents_OnlyTen" classname="StudentAnalyzerTest" time="0.038"/>
  <testcase name="testCountExcellentStudents_BoundaryValue8" classname="StudentAnalyzerTest" time="0.0"/>
  <testcase name="testCalculateValidAverage_MixedValidInvalid" classname="StudentAnalyzerTest" time="0.005"/>
  <testcase name="testCalculateValidAverage_AllValidScores" classname="StudentAnalyzerTest" time="0.0"/>
  <testcase name="testCountExcellentStudents_MixedValidInvalid" classname="StudentAnalyzerTest" time="0.0"/>
  <testcase name="testCountExcellentStudents_OnlyZero" classname="StudentAnalyzerTest" time="0.0"/>
  <testcase name="testCountExcellentStudents_NullList" classname="StudentAnalyzerTest" time="0.0"/>
  <testcase name="testCountExcellentStudents_NoExcellentStudents" classname="StudentAnalyzerTest" time="0.004"/>
  <testcase name="testCalculateValidAverage_OnlyZero" classname="StudentAnalyzerTest" time="0.0"/>
  <testcase name="testCalculateValidAverage_EmptyList" classname="StudentAnalyzerTest" time="0.0"/>
  <testcase name="testCalculateValidAverage_NullList" classname="StudentAnalyzerTest" time="0.0"/>
  <testcase name="testCalculateValidAverage_AllInvalidScores" classname="StudentAnalyzerTest" time="0.0"/>
  <testcase name="testCalculateValidAverage_DecimalPrecision" classname="StudentAnalyzerTest" time="0.001"/>
  <testcase name="testCountExcellentStudents_AllValidScores" classname="StudentAnalyzerTest" time="0.0"/>
  <testcase name="testCalculateValidAverage_SingleValidScore" classname="StudentAnalyzerTest" time="0.0"/>
  <testcase name="testCountExcellentStudents_AllInvalidScores" classname="StudentAnalyzerTest" time="0.0"/>
  <testcase name="testCalculateValidAverage_BoundaryValues" classname="StudentAnalyzerTest" time="0.006"/>
  <testcase name="testCalculateValidAverage_OnlyTen" classname="StudentAnalyzerTest" time="0.0"/>
  <testcase name="testCountExcellentStudents_EmptyList" classname="StudentAnalyzerTest" time="0.0"/>
</testsuite>